<?xml version="1.0" encoding="UTF-8"?>
<!-- Generated by org.testng.reporters.JUnitReportReporter -->
<testsuite hostname="DESKTOP-RQMQD1V" failures="0" tests="2" name="com.CRM.VTiger.practice.DtPractice" time="0.013" errors="0" timestamp="2023-09-09T10:50:51 IST" skipped="0">
  <testcase classname="com.CRM.VTiger.practice.DtPractice" name="create" time="0.009"/>
  <testcase classname="com.CRM.VTiger.practice.DtPractice" name="create" time="0.004"/>
</testsuite> <!-- com.CRM.VTiger.practice.DtPractice -->
