<?xml version="1.0" encoding="UTF-8"?>
<!-- Generated by org.testng.reporters.JUnitReportReporter -->
<testsuite hostname="DESKTOP-RQMQD1V" failures="0" tests="1" name="com.CRM.VTiger.practice.LastrowDataPractice" time="0.519" errors="0" timestamp="2023-09-09T11:11:53 IST" skipped="0">
  <testcase classname="com.CRM.VTiger.practice.LastrowDataPractice" name="dt" time="0.519"/>
</testsuite> <!-- com.CRM.VTiger.practice.LastrowDataPractice -->
