<?xml version="1.0" encoding="UTF-8"?>
<!-- Generated by org.testng.reporters.JUnitReportReporter -->
<testsuite hostname="DESKTOP-RQMQD1V" failures="0" tests="1" name="com.CRM.VTiger.practice.AssertionPractice" time="6.814" errors="0" timestamp="2023-09-08T12:23:27 IST" skipped="0">
  <testcase classname="com.CRM.VTiger.practice.AssertionPractice" name="create" time="6.814"/>
</testsuite> <!-- com.CRM.VTiger.practice.AssertionPractice -->
