<?xml version="1.0" encoding="UTF-8"?>
<!-- Generated by org.testng.reporters.JUnitReportReporter -->
<testsuite hostname="DESKTOP-RQMQD1V" failures="0" tests="2" name="com.CRM.VTiger.practice.DataProviderPractice" time="0.016" errors="0" timestamp="2023-09-09T10:29:03 IST" skipped="0">
  <testcase classname="com.CRM.VTiger.practice.DataProviderPractice" name="create" time="0.010"/>
  <testcase classname="com.CRM.VTiger.practice.DataProviderPractice" name="create" time="0.006"/>
</testsuite> <!-- com.CRM.VTiger.practice.DataProviderPractice -->
