<?xml version="1.0" encoding="UTF-8"?>
<!-- Generated by org.testng.reporters.JUnitReportReporter -->
<testsuite hostname="DESKTOP-RQMQD1V" failures="0" tests="5" name="vTigerr.OrganaizatiooonTest.CreateMultipleOrganizationTest" time="36.074" errors="0" timestamp="2023-09-11T10:42:08 IST" skipped="0">
  <testcase classname="vTigerr.OrganaizatiooonTest.CreateMultipleOrganizationTest" name="verifyUserCreateMultipleOrganizationTest" time="6.756"/>
  <testcase classname="vTigerr.OrganaizatiooonTest.CreateMultipleOrganizationTest" name="verifyUserCreateMultipleOrganizationTest" time="8.530"/>
  <testcase classname="vTigerr.OrganaizatiooonTest.CreateMultipleOrganizationTest" name="verifyUserCreateMultipleOrganizationTest" time="6.904"/>
  <testcase classname="vTigerr.OrganaizatiooonTest.CreateMultipleOrganizationTest" name="verifyUserCreateMultipleOrganizationTest" time="6.902"/>
  <testcase classname="vTigerr.OrganaizatiooonTest.CreateMultipleOrganizationTest" name="verifyUserCreateMultipleOrganizationTest" time="6.982"/>
</testsuite> <!-- vTigerr.OrganaizatiooonTest.CreateMultipleOrganizationTest -->
