<?xml version="1.0" encoding="UTF-8"?>
<!-- Generated by org.testng.reporters.JUnitReportReporter -->
<testsuite hostname="DESKTOP-RQMQD1V" failures="0" tests="1" name="vTigerr.OrganaizatiooonTest.CreateOrganaizationTest" time="35.843" errors="0" timestamp="2023-09-20T11:21:14 IST" skipped="0">
  <testcase classname="vTigerr.OrganaizatiooonTest.CreateOrganaizationTest" name="verifyUserCreateOrganizationTest" time="35.843"/>
</testsuite> <!-- vTigerr.OrganaizatiooonTest.CreateOrganaizationTest -->
