<?xml version="1.0" encoding="UTF-8"?>
<!-- Generated by org.testng.reporters.JUnitReportReporter -->
<testsuite hostname="DESKTOP-RQMQD1V" failures="0" tests="1" name="com.CRM.VTiger.practice.ValidationUsingIfAndElse" time="0.010" errors="0" timestamp="2023-09-08T11:24:38 IST" skipped="0">
  <testcase classname="com.CRM.VTiger.practice.ValidationUsingIfAndElse" name="create" time="0.010"/>
</testsuite> <!-- com.CRM.VTiger.practice.ValidationUsingIfAndElse -->
